[1/1] start features={'hubert': 'chinese-hubert-large', 'macbert': 'xlm-roberta-xl', 'clip': 'clip-vit-large-patch14'}
================================================================================
modalities: hubert,macbert,clip
output_task_dir: emotion_sort
feature_names: {'hubert': 'chinese-hubert-large', 'macbert': 'xlm-roberta-xl', 'clip': 'clip-vit-large-patch14'}
feature_roots: {'hubert': '/data/wzw/egolink_race/feature/audio_features/chinese-hubert-large', 'macbert': '/data/wzw/egolink_race/feature/txt_features/xlm-roberta-xl', 'clip': '/data/wzw/egolink_race/feature/visual_features/clip-vit-large-patch14'}
fusion: attention
training_mode: hierarchical
save_dir: /data/wzw/egolink_race/checkpoints/emotion_sort/multi_model/attention_chinese-hubert-large+xlm-roberta-xl+clip-vit-large-patch14
log_dir: /data/wzw/egolink_race/log/emotion_sort/muti_model
train: usable=13017, missing=2, total=13019
val: usable=1663, missing=0, total=1663
test: usable=1625, missing=0, total=1625
feature_dims: {'hubert': 1024, 'macbert': 2560, 'clip': 1024}
device: cuda:0
cv_folds: 1
feature_normalization: zscore
modality_dropout: 0.15
imbalance: {'loss': 'ce', 'class_weight': 'sqrt_inv', 'sampler': 'sqrt_inv', 'class_weight_beta': 0.999, 'class_weight_max': 4.0}
hierarchical mode: stage1=angry/happy/surprised/other
hierarchical mode: stage2=disgusted/sad/sarcastic/scared/shy
hierarchical sizes: {'coarse_train': 13017, 'coarse_val': 1663, 'coarse_test': 1625, 'expert_train': 2416, 'expert_val': 325, 'expert_test': 317}
coarse computing per-modality train z-score stats...
coarse class_weight=sqrt_inv: [1.164499044418335, 0.7799077033996582, 0.9385747313499451, 1.1170185804367065]
coarse sampler=sqrt_inv: [1.164499044418335, 0.7799077033996582, 0.9385747313499451, 1.1170185804367065]
coarse person_vocab_size=889
coarse person_prior_smoothing=1.0
coarse epoch=01 lr=3.33e-05 train_acc=0.4358 train_weighted_f1=0.4064 train_macro_f1=0.3923 val_acc=0.4612 val_weighted_f1=0.4318 val_macro_f1=0.3997 test_acc=0.4468 test_weighted_f1=0.4233 test_macro_f1=0.3854 test_attention: hubert=0.3265 macbert=0.3112 clip=0.3623
coarse saved current best: epoch=1 val_acc=0.4612 best_val_acc=0.4612
coarse epoch=02 lr=6.67e-05 train_acc=0.5055 train_weighted_f1=0.4928 train_macro_f1=0.4823 val_acc=0.5153 val_weighted_f1=0.5017 val_macro_f1=0.4742 test_acc=0.5188 test_weighted_f1=0.5127 test_macro_f1=0.4787 test_attention: hubert=0.3726 macbert=0.2847 clip=0.3426
coarse saved current best: epoch=2 val_acc=0.5153 best_val_acc=0.5153
coarse epoch=03 lr=1.00e-04 train_acc=0.5391 train_weighted_f1=0.5258 train_macro_f1=0.5176 val_acc=0.5322 val_weighted_f1=0.5190 val_macro_f1=0.4957 test_acc=0.5391 test_weighted_f1=0.5321 test_macro_f1=0.5006 test_attention: hubert=0.4027 macbert=0.2658 clip=0.3314
coarse saved current best: epoch=3 val_acc=0.5322 best_val_acc=0.5322
coarse epoch=04 lr=1.00e-04 train_acc=0.5672 train_weighted_f1=0.5611 train_macro_f1=0.5539 val_acc=0.5562 val_weighted_f1=0.5504 val_macro_f1=0.5303 test_acc=0.5502 test_weighted_f1=0.5497 test_macro_f1=0.5227 test_attention: hubert=0.4033 macbert=0.2587 clip=0.3381
coarse saved current best: epoch=4 val_acc=0.5562 best_val_acc=0.5562
coarse epoch=05 lr=9.99e-05 train_acc=0.5839 train_weighted_f1=0.5767 train_macro_f1=0.5732 val_acc=0.5658 val_weighted_f1=0.5605 val_macro_f1=0.5401 test_acc=0.5495 test_weighted_f1=0.5481 test_macro_f1=0.5214 test_attention: hubert=0.3850 macbert=0.2574 clip=0.3576
coarse saved current best: epoch=5 val_acc=0.5658 best_val_acc=0.5658
coarse epoch=06 lr=9.97e-05 train_acc=0.5968 train_weighted_f1=0.5870 train_macro_f1=0.5817 val_acc=0.5640 val_weighted_f1=0.5508 val_macro_f1=0.5294 test_acc=0.5600 test_weighted_f1=0.5529 test_macro_f1=0.5291 test_attention: hubert=0.3632 macbert=0.2820 clip=0.3548
coarse epoch=07 lr=9.95e-05 train_acc=0.6229 train_weighted_f1=0.6168 train_macro_f1=0.6113 val_acc=0.5743 val_weighted_f1=0.5661 val_macro_f1=0.5486 test_acc=0.5711 test_weighted_f1=0.5698 test_macro_f1=0.5457 test_attention: hubert=0.3489 macbert=0.2626 clip=0.3885
coarse saved current best: epoch=7 val_acc=0.5743 best_val_acc=0.5743
coarse epoch=08 lr=9.93e-05 train_acc=0.6357 train_weighted_f1=0.6302 train_macro_f1=0.6270 val_acc=0.5761 val_weighted_f1=0.5694 val_macro_f1=0.5521 test_acc=0.5742 test_weighted_f1=0.5738 test_macro_f1=0.5499 test_attention: hubert=0.3408 macbert=0.2882 clip=0.3710
coarse saved current best: epoch=8 val_acc=0.5761 best_val_acc=0.5761
coarse epoch=09 lr=9.89e-05 train_acc=0.6399 train_weighted_f1=0.6350 train_macro_f1=0.6322 val_acc=0.5839 val_weighted_f1=0.5799 val_macro_f1=0.5610 test_acc=0.5840 test_weighted_f1=0.5828 test_macro_f1=0.5622 test_attention: hubert=0.3468 macbert=0.2690 clip=0.3842
coarse saved current best: epoch=9 val_acc=0.5839 best_val_acc=0.5839
coarse epoch=10 lr=9.86e-05 train_acc=0.6684 train_weighted_f1=0.6657 train_macro_f1=0.6627 val_acc=0.5887 val_weighted_f1=0.5856 val_macro_f1=0.5684 test_acc=0.5865 test_weighted_f1=0.5868 test_macro_f1=0.5662 test_attention: hubert=0.3169 macbert=0.3122 clip=0.3709
coarse saved current best: epoch=10 val_acc=0.5887 best_val_acc=0.5887
coarse epoch=11 lr=9.81e-05 train_acc=0.6855 train_weighted_f1=0.6832 train_macro_f1=0.6818 val_acc=0.5701 val_weighted_f1=0.5658 val_macro_f1=0.5488 test_acc=0.5822 test_weighted_f1=0.5826 test_macro_f1=0.5609 test_attention: hubert=0.3209 macbert=0.3066 clip=0.3725
coarse epoch=12 lr=9.76e-05 train_acc=0.6821 train_weighted_f1=0.6774 train_macro_f1=0.6757 val_acc=0.5797 val_weighted_f1=0.5724 val_macro_f1=0.5565 test_acc=0.5846 test_weighted_f1=0.5821 test_macro_f1=0.5592 test_attention: hubert=0.3117 macbert=0.3194 clip=0.3689
coarse epoch=13 lr=9.71e-05 train_acc=0.7102 train_weighted_f1=0.7086 train_macro_f1=0.7072 val_acc=0.5737 val_weighted_f1=0.5715 val_macro_f1=0.5571 test_acc=0.5748 test_weighted_f1=0.5765 test_macro_f1=0.5531 test_attention: hubert=0.2976 macbert=0.3312 clip=0.3712
coarse epoch=14 lr=9.65e-05 train_acc=0.7308 train_weighted_f1=0.7292 train_macro_f1=0.7283 val_acc=0.5923 val_weighted_f1=0.5885 val_macro_f1=0.5710 test_acc=0.5840 test_weighted_f1=0.5838 test_macro_f1=0.5618 test_attention: hubert=0.3011 macbert=0.3424 clip=0.3566
coarse saved current best: epoch=14 val_acc=0.5923 best_val_acc=0.5923
coarse epoch=15 lr=9.58e-05 train_acc=0.7290 train_weighted_f1=0.7272 train_macro_f1=0.7259 val_acc=0.5863 val_weighted_f1=0.5826 val_macro_f1=0.5671 test_acc=0.5834 test_weighted_f1=0.5836 test_macro_f1=0.5640 test_attention: hubert=0.2823 macbert=0.3440 clip=0.3737
coarse epoch=16 lr=9.51e-05 train_acc=0.7453 train_weighted_f1=0.7433 train_macro_f1=0.7429 val_acc=0.5803 val_weighted_f1=0.5776 val_macro_f1=0.5619 test_acc=0.5828 test_weighted_f1=0.5837 test_macro_f1=0.5628 test_attention: hubert=0.2987 macbert=0.3364 clip=0.3649
coarse epoch=17 lr=9.44e-05 train_acc=0.7660 train_weighted_f1=0.7652 train_macro_f1=0.7658 val_acc=0.5670 val_weighted_f1=0.5658 val_macro_f1=0.5478 test_acc=0.5815 test_weighted_f1=0.5830 test_macro_f1=0.5635 test_attention: hubert=0.2939 macbert=0.3540 clip=0.3522
coarse epoch=18 lr=9.36e-05 train_acc=0.7767 train_weighted_f1=0.7750 train_macro_f1=0.7748 val_acc=0.5785 val_weighted_f1=0.5731 val_macro_f1=0.5539 test_acc=0.5742 test_weighted_f1=0.5726 test_macro_f1=0.5526 test_attention: hubert=0.2849 macbert=0.3689 clip=0.3462
coarse epoch=19 lr=9.27e-05 train_acc=0.7841 train_weighted_f1=0.7830 train_macro_f1=0.7832 val_acc=0.5839 val_weighted_f1=0.5816 val_macro_f1=0.5620 test_acc=0.5877 test_weighted_f1=0.5883 test_macro_f1=0.5660 test_attention: hubert=0.2920 macbert=0.3476 clip=0.3604
coarse epoch=20 lr=9.18e-05 train_acc=0.7871 train_weighted_f1=0.7856 train_macro_f1=0.7870 val_acc=0.5803 val_weighted_f1=0.5766 val_macro_f1=0.5599 test_acc=0.5785 test_weighted_f1=0.5775 test_macro_f1=0.5563 test_attention: hubert=0.3004 macbert=0.3585 clip=0.3410
coarse epoch=21 lr=9.08e-05 train_acc=0.8003 train_weighted_f1=0.7996 train_macro_f1=0.8008 val_acc=0.5707 val_weighted_f1=0.5698 val_macro_f1=0.5536 test_acc=0.5846 test_weighted_f1=0.5863 test_macro_f1=0.5621 test_attention: hubert=0.2801 macbert=0.3664 clip=0.3535
coarse epoch=22 lr=8.98e-05 train_acc=0.7993 train_weighted_f1=0.7985 train_macro_f1=0.7996 val_acc=0.5749 val_weighted_f1=0.5738 val_macro_f1=0.5563 test_acc=0.5766 test_weighted_f1=0.5785 test_macro_f1=0.5550 test_attention: hubert=0.2951 macbert=0.3606 clip=0.3443
coarse epoch=23 lr=8.88e-05 train_acc=0.8109 train_weighted_f1=0.8100 train_macro_f1=0.8112 val_acc=0.5833 val_weighted_f1=0.5800 val_macro_f1=0.5607 test_acc=0.5729 test_weighted_f1=0.5728 test_macro_f1=0.5491 test_attention: hubert=0.2897 macbert=0.3736 clip=0.3368
coarse epoch=24 lr=8.77e-05 train_acc=0.8200 train_weighted_f1=0.8187 train_macro_f1=0.8202 val_acc=0.5767 val_weighted_f1=0.5739 val_macro_f1=0.5566 test_acc=0.5698 test_weighted_f1=0.5709 test_macro_f1=0.5488 test_attention: hubert=0.2867 macbert=0.3735 clip=0.3398
coarse epoch=25 lr=8.65e-05 train_acc=0.8158 train_weighted_f1=0.8150 train_macro_f1=0.8163 val_acc=0.5725 val_weighted_f1=0.5708 val_macro_f1=0.5510 test_acc=0.5668 test_weighted_f1=0.5681 test_macro_f1=0.5471 test_attention: hubert=0.2875 macbert=0.3782 clip=0.3343
coarse epoch=26 lr=8.54e-05 train_acc=0.8214 train_weighted_f1=0.8205 train_macro_f1=0.8222 val_acc=0.5707 val_weighted_f1=0.5666 val_macro_f1=0.5470 test_acc=0.5723 test_weighted_f1=0.5709 test_macro_f1=0.5488 test_attention: hubert=0.2859 macbert=0.3764 clip=0.3377
coarse epoch=27 lr=8.41e-05 train_acc=0.8287 train_weighted_f1=0.8282 train_macro_f1=0.8297 val_acc=0.5737 val_weighted_f1=0.5733 val_macro_f1=0.5548 test_acc=0.5618 test_weighted_f1=0.5630 test_macro_f1=0.5443 test_attention: hubert=0.2813 macbert=0.3843 clip=0.3344
coarse epoch=28 lr=8.29e-05 train_acc=0.8408 train_weighted_f1=0.8403 train_macro_f1=0.8418 val_acc=0.5664 val_weighted_f1=0.5664 val_macro_f1=0.5469 test_acc=0.5551 test_weighted_f1=0.5565 test_macro_f1=0.5382 test_attention: hubert=0.2826 macbert=0.3882 clip=0.3291
coarse epoch=29 lr=8.16e-05 train_acc=0.8418 train_weighted_f1=0.8413 train_macro_f1=0.8424 val_acc=0.5791 val_weighted_f1=0.5756 val_macro_f1=0.5566 test_acc=0.5569 test_weighted_f1=0.5566 test_macro_f1=0.5358 test_attention: hubert=0.2793 macbert=0.3784 clip=0.3424
coarse early stopped: no val_acc improvement for 15 epochs
expert_other computing per-modality train z-score stats...
expert_other class_weight=sqrt_inv: [1.2603613138198853, 1.0944830179214478, 0.7776435613632202, 0.8231849670410156, 1.0443271398544312]
expert_other sampler=sqrt_inv: [1.2603613138198853, 1.0944830179214478, 0.7776435613632202, 0.8231849670410156, 1.0443271398544312]
expert_other person_vocab_size=378
expert_other person_prior_smoothing=1.0
expert_other epoch=01 lr=3.33e-05 train_acc=0.2827 train_weighted_f1=0.2690 train_macro_f1=0.2607 val_acc=0.2831 val_weighted_f1=0.2839 val_macro_f1=0.2628 test_acc=0.2997 test_weighted_f1=0.2919 test_macro_f1=0.2812 test_attention: hubert=0.3220 macbert=0.3529 clip=0.3251
expert_other saved current best: epoch=1 val_acc=0.2831 best_val_acc=0.2831
expert_other epoch=02 lr=6.67e-05 train_acc=0.4536 train_weighted_f1=0.4209 train_macro_f1=0.3906 val_acc=0.4000 val_weighted_f1=0.3776 val_macro_f1=0.3280 test_acc=0.4132 test_weighted_f1=0.3837 test_macro_f1=0.3420 test_attention: hubert=0.3275 macbert=0.3507 clip=0.3218
expert_other saved current best: epoch=2 val_acc=0.4000 best_val_acc=0.4000
expert_other epoch=03 lr=1.00e-04 train_acc=0.5344 train_weighted_f1=0.5252 train_macro_f1=0.5114 val_acc=0.4308 val_weighted_f1=0.4196 val_macro_f1=0.3905 test_acc=0.4921 test_weighted_f1=0.4847 test_macro_f1=0.4577 test_attention: hubert=0.3303 macbert=0.3464 clip=0.3233
expert_other saved current best: epoch=3 val_acc=0.4308 best_val_acc=0.4308
expert_other epoch=04 lr=1.00e-04 train_acc=0.5906 train_weighted_f1=0.5801 train_macro_f1=0.5708 val_acc=0.4677 val_weighted_f1=0.4503 val_macro_f1=0.4147 test_acc=0.5363 test_weighted_f1=0.5278 test_macro_f1=0.5023 test_attention: hubert=0.3376 macbert=0.3440 clip=0.3184
expert_other saved current best: epoch=4 val_acc=0.4677 best_val_acc=0.4677
expert_other epoch=05 lr=9.99e-05 train_acc=0.6171 train_weighted_f1=0.6079 train_macro_f1=0.5985 val_acc=0.5015 val_weighted_f1=0.4874 val_macro_f1=0.4500 test_acc=0.5394 test_weighted_f1=0.5311 test_macro_f1=0.5081 test_attention: hubert=0.3411 macbert=0.3467 clip=0.3122
expert_other saved current best: epoch=5 val_acc=0.5015 best_val_acc=0.5015
expert_other epoch=06 lr=9.97e-05 train_acc=0.6474 train_weighted_f1=0.6429 train_macro_f1=0.6347 val_acc=0.4985 val_weighted_f1=0.4898 val_macro_f1=0.4596 test_acc=0.5457 test_weighted_f1=0.5399 test_macro_f1=0.5122 test_attention: hubert=0.3397 macbert=0.3539 clip=0.3064
expert_other saved current best: epoch=6 val_acc=0.4985 best_val_acc=0.5015
expert_other epoch=07 lr=9.95e-05 train_acc=0.6871 train_weighted_f1=0.6845 train_macro_f1=0.6774 val_acc=0.5200 val_weighted_f1=0.5172 val_macro_f1=0.4953 test_acc=0.5584 test_weighted_f1=0.5586 test_macro_f1=0.5383 test_attention: hubert=0.3495 macbert=0.3513 clip=0.2992
expert_other saved current best: epoch=7 val_acc=0.5200 best_val_acc=0.5200
expert_other epoch=08 lr=9.93e-05 train_acc=0.6933 train_weighted_f1=0.6909 train_macro_f1=0.6837 val_acc=0.5292 val_weighted_f1=0.5259 val_macro_f1=0.5060 test_acc=0.5678 test_weighted_f1=0.5667 test_macro_f1=0.5495 test_attention: hubert=0.3568 macbert=0.3410 clip=0.3022
expert_other saved current best: epoch=8 val_acc=0.5292 best_val_acc=0.5292
expert_other epoch=09 lr=9.89e-05 train_acc=0.7156 train_weighted_f1=0.7137 train_macro_f1=0.7109 val_acc=0.5231 val_weighted_f1=0.5176 val_macro_f1=0.5015 test_acc=0.5710 test_weighted_f1=0.5718 test_macro_f1=0.5554 test_attention: hubert=0.3539 macbert=0.3369 clip=0.3092
expert_other epoch=10 lr=9.86e-05 train_acc=0.7334 train_weighted_f1=0.7318 train_macro_f1=0.7296 val_acc=0.5354 val_weighted_f1=0.5311 val_macro_f1=0.5153 test_acc=0.5868 test_weighted_f1=0.5865 test_macro_f1=0.5718 test_attention: hubert=0.3476 macbert=0.3424 clip=0.3100
expert_other saved current best: epoch=10 val_acc=0.5354 best_val_acc=0.5354
expert_other epoch=11 lr=9.81e-05 train_acc=0.7579 train_weighted_f1=0.7573 train_macro_f1=0.7567 val_acc=0.5415 val_weighted_f1=0.5389 val_macro_f1=0.5213 test_acc=0.5994 test_weighted_f1=0.5994 test_macro_f1=0.5843 test_attention: hubert=0.3465 macbert=0.3483 clip=0.3052
expert_other saved current best: epoch=11 val_acc=0.5415 best_val_acc=0.5415
expert_other epoch=12 lr=9.76e-05 train_acc=0.7918 train_weighted_f1=0.7917 train_macro_f1=0.7933 val_acc=0.5815 val_weighted_f1=0.5812 val_macro_f1=0.5681 test_acc=0.6215 test_weighted_f1=0.6194 test_macro_f1=0.6040 test_attention: hubert=0.3370 macbert=0.3631 clip=0.2999
expert_other saved current best: epoch=12 val_acc=0.5815 best_val_acc=0.5815
expert_other epoch=13 lr=9.71e-05 train_acc=0.7910 train_weighted_f1=0.7909 train_macro_f1=0.7916 val_acc=0.5723 val_weighted_f1=0.5712 val_macro_f1=0.5610 test_acc=0.6278 test_weighted_f1=0.6270 test_macro_f1=0.6107 test_attention: hubert=0.3368 macbert=0.3647 clip=0.2985
expert_other epoch=14 lr=9.65e-05 train_acc=0.8059 train_weighted_f1=0.8056 train_macro_f1=0.8076 val_acc=0.5815 val_weighted_f1=0.5812 val_macro_f1=0.5678 test_acc=0.6309 test_weighted_f1=0.6306 test_macro_f1=0.6149 test_attention: hubert=0.3404 macbert=0.3655 clip=0.2941
expert_other saved current best: epoch=14 val_acc=0.5815 best_val_acc=0.5815
expert_other epoch=15 lr=9.58e-05 train_acc=0.8142 train_weighted_f1=0.8137 train_macro_f1=0.8148 val_acc=0.5723 val_weighted_f1=0.5726 val_macro_f1=0.5575 test_acc=0.6183 test_weighted_f1=0.6205 test_macro_f1=0.6079 test_attention: hubert=0.3263 macbert=0.3759 clip=0.2978
expert_other epoch=16 lr=9.51e-05 train_acc=0.8245 train_weighted_f1=0.8243 train_macro_f1=0.8267 val_acc=0.5692 val_weighted_f1=0.5692 val_macro_f1=0.5555 test_acc=0.6215 test_weighted_f1=0.6223 test_macro_f1=0.6086 test_attention: hubert=0.3120 macbert=0.3855 clip=0.3025
expert_other epoch=17 lr=9.44e-05 train_acc=0.8469 train_weighted_f1=0.8463 train_macro_f1=0.8504 val_acc=0.5723 val_weighted_f1=0.5745 val_macro_f1=0.5584 test_acc=0.6309 test_weighted_f1=0.6318 test_macro_f1=0.6181 test_attention: hubert=0.3043 macbert=0.3911 clip=0.3046
expert_other epoch=18 lr=9.36e-05 train_acc=0.8667 train_weighted_f1=0.8663 train_macro_f1=0.8685 val_acc=0.5692 val_weighted_f1=0.5693 val_macro_f1=0.5554 test_acc=0.6151 test_weighted_f1=0.6165 test_macro_f1=0.6081 test_attention: hubert=0.3081 macbert=0.3920 clip=0.2999
expert_other epoch=19 lr=9.27e-05 train_acc=0.8833 train_weighted_f1=0.8829 train_macro_f1=0.8856 val_acc=0.5785 val_weighted_f1=0.5780 val_macro_f1=0.5644 test_acc=0.6498 test_weighted_f1=0.6497 test_macro_f1=0.6398 test_attention: hubert=0.3022 macbert=0.3975 clip=0.3003
expert_other epoch=20 lr=9.18e-05 train_acc=0.8961 train_weighted_f1=0.8959 train_macro_f1=0.8985 val_acc=0.5969 val_weighted_f1=0.5968 val_macro_f1=0.5814 test_acc=0.6562 test_weighted_f1=0.6552 test_macro_f1=0.6426 test_attention: hubert=0.2934 macbert=0.4017 clip=0.3048
expert_other saved current best: epoch=20 val_acc=0.5969 best_val_acc=0.5969
expert_other epoch=21 lr=9.08e-05 train_acc=0.9106 train_weighted_f1=0.9104 train_macro_f1=0.9117 val_acc=0.5908 val_weighted_f1=0.5904 val_macro_f1=0.5758 test_acc=0.6404 test_weighted_f1=0.6412 test_macro_f1=0.6264 test_attention: hubert=0.2901 macbert=0.4074 clip=0.3025
expert_other epoch=22 lr=8.98e-05 train_acc=0.9147 train_weighted_f1=0.9143 train_macro_f1=0.9176 val_acc=0.5877 val_weighted_f1=0.5881 val_macro_f1=0.5727 test_acc=0.6404 test_weighted_f1=0.6392 test_macro_f1=0.6222 test_attention: hubert=0.2897 macbert=0.4205 clip=0.2898
expert_other epoch=23 lr=8.88e-05 train_acc=0.9276 train_weighted_f1=0.9273 train_macro_f1=0.9297 val_acc=0.5600 val_weighted_f1=0.5604 val_macro_f1=0.5452 test_acc=0.6404 test_weighted_f1=0.6407 test_macro_f1=0.6257 test_attention: hubert=0.2794 macbert=0.4258 clip=0.2948
expert_other epoch=24 lr=8.77e-05 train_acc=0.9317 train_weighted_f1=0.9316 train_macro_f1=0.9336 val_acc=0.5692 val_weighted_f1=0.5715 val_macro_f1=0.5542 test_acc=0.6404 test_weighted_f1=0.6399 test_macro_f1=0.6239 test_attention: hubert=0.2727 macbert=0.4250 clip=0.3023
expert_other epoch=25 lr=8.65e-05 train_acc=0.9367 train_weighted_f1=0.9364 train_macro_f1=0.9390 val_acc=0.5723 val_weighted_f1=0.5718 val_macro_f1=0.5564 test_acc=0.6562 test_weighted_f1=0.6550 test_macro_f1=0.6395 test_attention: hubert=0.2789 macbert=0.4156 clip=0.3055
expert_other epoch=26 lr=8.54e-05 train_acc=0.9549 train_weighted_f1=0.9547 train_macro_f1=0.9562 val_acc=0.5754 val_weighted_f1=0.5762 val_macro_f1=0.5577 test_acc=0.6372 test_weighted_f1=0.6368 test_macro_f1=0.6189 test_attention: hubert=0.2799 macbert=0.4150 clip=0.3050
expert_other epoch=27 lr=8.41e-05 train_acc=0.9478 train_weighted_f1=0.9475 train_macro_f1=0.9495 val_acc=0.5846 val_weighted_f1=0.5871 val_macro_f1=0.5704 test_acc=0.6215 test_weighted_f1=0.6208 test_macro_f1=0.6018 test_attention: hubert=0.2789 macbert=0.4168 clip=0.3043
expert_other epoch=28 lr=8.29e-05 train_acc=0.9520 train_weighted_f1=0.9517 train_macro_f1=0.9543 val_acc=0.5815 val_weighted_f1=0.5791 val_macro_f1=0.5587 test_acc=0.6435 test_weighted_f1=0.6403 test_macro_f1=0.6242 test_attention: hubert=0.2880 macbert=0.4167 clip=0.2953
expert_other epoch=29 lr=8.16e-05 train_acc=0.9586 train_weighted_f1=0.9584 train_macro_f1=0.9599 val_acc=0.5815 val_weighted_f1=0.5850 val_macro_f1=0.5685 test_acc=0.6341 test_weighted_f1=0.6344 test_macro_f1=0.6145 test_attention: hubert=0.2811 macbert=0.4199 clip=0.2990
expert_other epoch=30 lr=8.03e-05 train_acc=0.9582 train_weighted_f1=0.9580 train_macro_f1=0.9594 val_acc=0.5785 val_weighted_f1=0.5798 val_macro_f1=0.5620 test_acc=0.6498 test_weighted_f1=0.6492 test_macro_f1=0.6273 test_attention: hubert=0.2774 macbert=0.4226 clip=0.3000
expert_other epoch=31 lr=7.89e-05 train_acc=0.9640 train_weighted_f1=0.9638 train_macro_f1=0.9659 val_acc=0.5754 val_weighted_f1=0.5734 val_macro_f1=0.5535 test_acc=0.6530 test_weighted_f1=0.6529 test_macro_f1=0.6334 test_attention: hubert=0.2746 macbert=0.4253 clip=0.3002
expert_other epoch=32 lr=7.75e-05 train_acc=0.9640 train_weighted_f1=0.9638 train_macro_f1=0.9657 val_acc=0.5908 val_weighted_f1=0.5886 val_macro_f1=0.5715 test_acc=0.6435 test_weighted_f1=0.6412 test_macro_f1=0.6239 test_attention: hubert=0.2711 macbert=0.4329 clip=0.2960
expert_other epoch=33 lr=7.61e-05 train_acc=0.9640 train_weighted_f1=0.9638 train_macro_f1=0.9659 val_acc=0.5877 val_weighted_f1=0.5873 val_macro_f1=0.5712 test_acc=0.6372 test_weighted_f1=0.6366 test_macro_f1=0.6133 test_attention: hubert=0.2718 macbert=0.4409 clip=0.2873
expert_other epoch=34 lr=7.46e-05 train_acc=0.9764 train_weighted_f1=0.9762 train_macro_f1=0.9774 val_acc=0.5692 val_weighted_f1=0.5679 val_macro_f1=0.5497 test_acc=0.6435 test_weighted_f1=0.6419 test_macro_f1=0.6220 test_attention: hubert=0.2667 macbert=0.4506 clip=0.2827
expert_other epoch=35 lr=7.32e-05 train_acc=0.9723 train_weighted_f1=0.9723 train_macro_f1=0.9735 val_acc=0.5846 val_weighted_f1=0.5817 val_macro_f1=0.5600 test_acc=0.6309 test_weighted_f1=0.6274 test_macro_f1=0.6062 test_attention: hubert=0.2677 macbert=0.4437 clip=0.2886
expert_other early stopped: no val_acc improvement for 15 epochs
Prediction probabilities: {'val': '/data/wzw/egolink_race/data/processed/model_predictions/emotion_sort/20260504_111508__mods-hubert-large+xlm-r-xl+clip-p14__fusion-attention__mode-hierarchical__WAF-0.5616__ACC-0.5711__val_probs.jsonl', 'test': '/data/wzw/egolink_race/data/processed/model_predictions/emotion_sort/20260504_111508__mods-hubert-large+xlm-r-xl+clip-p14__fusion-attention__mode-hierarchical__WAF-0.5616__ACC-0.5711__test_probs.jsonl'}
Hierarchical val acc: 0.5730607336139507
Hierarchical val weighted_f1: 0.5637184828735696
Hierarchical test acc: 0.571076923076923
Hierarchical test macro_f1: 0.41840818875537833
Hierarchical test weighted_f1: 0.5615965410611272
Checkpoints: /data/wzw/egolink_race/checkpoints/emotion_sort/multi_model/attention_chinese-hubert-large+xlm-roberta-xl+clip-vit-large-patch14/20260504_111508__mods-hubert-large+xlm-r-xl+clip-p14__fusion-attention__mode-hierarchical__WAF-0.5616__ACC-0.5711.coarse.pt, /data/wzw/egolink_race/checkpoints/emotion_sort/multi_model/attention_chinese-hubert-large+xlm-roberta-xl+clip-vit-large-patch14/20260504_111508__mods-hubert-large+xlm-r-xl+clip-p14__fusion-attention__mode-hierarchical__WAF-0.5616__ACC-0.5711.expert_other.pt
Config: /data/wzw/egolink_race/checkpoints/emotion_sort/multi_model/attention_chinese-hubert-large+xlm-roberta-xl+clip-vit-large-patch14/20260504_111508__mods-hubert-large+xlm-r-xl+clip-p14__fusion-attention__mode-hierarchical__WAF-0.5616__ACC-0.5711.config.json
Metrics: /data/wzw/egolink_race/checkpoints/emotion_sort/multi_model/attention_chinese-hubert-large+xlm-roberta-xl+clip-vit-large-patch14/20260504_111508__mods-hubert-large+xlm-r-xl+clip-p14__fusion-attention__mode-hierarchical__WAF-0.5616__ACC-0.5711.metrics.json
Result log: /data/wzw/egolink_race/log/emotion_sort/muti_model/20260504_111508__mods-hubert-large+xlm-r-xl+clip-p14__fusion-attention__mode-hierarchical__WAF-0.5616__ACC-0.5711.txt
Done
total=1
success=1
failed=0
{'hubert': 'chinese-hubert-large', 'macbert': 'xlm-roberta-xl', 'clip': 'clip-vit-large-patch14'}: ACC=0.5711, macro=0.4184, weighted=0.5616, log=/data/wzw/egolink_race/log/emotion_sort/muti_model/20260504_111508__mods-hubert-large+xlm-r-xl+clip-p14__fusion-attention__mode-hierarchical__WAF-0.5616__ACC-0.5711.txt
